/*C1*/SET SCHEMA SYSTEM_LOBS
INSERT INTO BLOCKS VALUES(0,2147483647,0)
COMMIT
/*C2*/SET SCHEMA PUBLIC
DISCONNECT
/*C3*/SET SCHEMA PUBLIC
DISCONNECT
/*C4*/SET SCHEMA PUBLIC
drop table if exists public.users cascade 
drop sequence users_id_seq if exists
create table public.users (id integer not null, role integer not null, created_at timestamp(6), updated_at timestamp(6), username varchar(32) not null, password varchar(2147483647) not null, primary key (id), constraint unique_username unique (username))
create sequence users_id_seq start with 1 increment by 1
/*C14*/SET SCHEMA PUBLIC
DISCONNECT
/*C4*/INSERT INTO USERS VALUES(1,2,NULL,NULL,'BrunoF2P','$2a$10$tNBDRJdhOmgYLSEymnaWi.M7LeAIAwABx0//hEwR7fb38d2WZkXo6')
ALTER SEQUENCE PUBLIC.USERS_ID_SEQ RESTART WITH 2
COMMIT
drop table if exists public.users cascade 
drop sequence users_id_seq if exists
DISCONNECT
/*C5*/SET SCHEMA PUBLIC
DISCONNECT
/*C6*/SET SCHEMA PUBLIC
DISCONNECT
/*C7*/SET SCHEMA PUBLIC
DISCONNECT
/*C8*/SET SCHEMA PUBLIC
DISCONNECT
/*C9*/SET SCHEMA PUBLIC
DISCONNECT
/*C10*/SET SCHEMA PUBLIC
DISCONNECT
/*C11*/SET SCHEMA PUBLIC
DISCONNECT
/*C12*/SET SCHEMA PUBLIC
DISCONNECT
/*C13*/SET SCHEMA PUBLIC
DISCONNECT
/*C16*/SET SCHEMA PUBLIC
DISCONNECT
/*C15*/SET SCHEMA PUBLIC
DISCONNECT
/*C17*/SET SCHEMA PUBLIC
drop table if exists public.users cascade 
drop sequence users_id_seq if exists
create table public.users (id integer not null, role integer not null, created_at timestamp(6), updated_at timestamp(6), username varchar(32) not null, password varchar(2147483647) not null, primary key (id), constraint unique_username unique (username))
create sequence users_id_seq start with 1 increment by 1
/*C27*/SET SCHEMA PUBLIC
DISCONNECT
/*C17*/INSERT INTO USERS VALUES(1,2,'2024-05-11 20:49:57.418000','2024-05-11 20:49:57.418000','BrunoF2P','$2a$10$H.9jsrbnqoknRv0WYo0VfuJEeAoXMjEYtnWJzzNCyg73Ply7ZJOKK')
ALTER SEQUENCE PUBLIC.USERS_ID_SEQ RESTART WITH 2
COMMIT
drop table if exists public.users cascade 
drop sequence users_id_seq if exists
DISCONNECT
/*C18*/SET SCHEMA PUBLIC
DISCONNECT
/*C19*/SET SCHEMA PUBLIC
DISCONNECT
/*C20*/SET SCHEMA PUBLIC
DISCONNECT
/*C21*/SET SCHEMA PUBLIC
DISCONNECT
/*C22*/SET SCHEMA PUBLIC
DISCONNECT
/*C23*/SET SCHEMA PUBLIC
DISCONNECT
/*C24*/SET SCHEMA PUBLIC
DISCONNECT
/*C25*/SET SCHEMA PUBLIC
DISCONNECT
/*C26*/SET SCHEMA PUBLIC
DISCONNECT
/*C29*/SET SCHEMA PUBLIC
drop table if exists public.users cascade 
drop sequence users_id_seq if exists
create table public.users (id integer not null, role integer not null, created_at timestamp(6), updated_at timestamp(6), username varchar(32) not null, password varchar(2147483647) not null, primary key (id), constraint unique_username unique (username))
create sequence users_id_seq start with 1 increment by 1
INSERT INTO USERS VALUES(1,2,'2024-05-11 20:52:13.030000','2024-05-11 20:52:13.030000','BrunoF2P','$2a$10$9ScpVOkyNumHg.4TflUv6Ou9pgK4X9cLegsiJ8eQtidkObZDuYKtq')
ALTER SEQUENCE PUBLIC.USERS_ID_SEQ RESTART WITH 2
COMMIT
drop table if exists public.users cascade 
drop sequence users_id_seq if exists
DISCONNECT
/*C30*/SET SCHEMA PUBLIC
DISCONNECT
/*C31*/SET SCHEMA PUBLIC
DISCONNECT
/*C32*/SET SCHEMA PUBLIC
DISCONNECT
/*C33*/SET SCHEMA PUBLIC
DISCONNECT
/*C34*/SET SCHEMA PUBLIC
DISCONNECT
/*C35*/SET SCHEMA PUBLIC
DISCONNECT
/*C36*/SET SCHEMA PUBLIC
DISCONNECT
/*C37*/SET SCHEMA PUBLIC
DISCONNECT
/*C38*/SET SCHEMA PUBLIC
DISCONNECT
/*C28*/SET SCHEMA PUBLIC
DISCONNECT
